<?xml version="1.0" encoding="UTF-8"?>
<!-- Generated by org.testng.reporters.JUnitReportReporter -->
<testsuite hostname="DESKTOP-M3D6P32" failures="0" tests="1" name="FinalProject.CheckTitle" time="6.539" errors="0" timestamp="2021-06-24T21:22:59 EDT" skipped="0">
  <testcase classname="FinalProject.CheckTitle" name="testlogo" time="6.539"/>
  <system-out/>
</testsuite> <!-- FinalProject.CheckTitle -->
