<?xml version="1.0" encoding="UTF-8"?>
<!-- Generated by org.testng.reporters.JUnitReportReporter -->
<testsuite hostname="DESKTOP-M3D6P32" failures="0" tests="2" name="FinalProject.CountingNumber" time="5.114" errors="0" timestamp="2021-06-24T21:27:08 EDT" skipped="0">
  <testcase classname="FinalProject.CountingNumber" name="buttons" time="2.683"/>
  <system-out/>
  <testcase classname="FinalProject.CountingNumber" name="imagess" time="2.431"/>
  <system-out/>
</testsuite> <!-- FinalProject.CountingNumber -->
